
[ 25/11/2019 ]  [ 10:07:24 ]  Information: 

------------------------------------------------------------------------------------------------------------------------------
[SA-MP | Remastered ] - By S4Lsalsoft | version 1.0.0.0 beta
Developer: Aincrad | Destroyer
Beta Tester: Baironn
Discord>>> Destroyer#3527 | baironnn#0600
E-mail: S4Lsalsoft@gmail.com


[ 25/11/2019 ]  [ 10:07:24 ]  Error: SAWindow.dll : Error loading module, 'Dll EntryPoint' Load Error!

[ 25/11/2019 ]  [ 10:08:13 ]  Information: 

------------------------------------------------------------------------------------------------------------------------------
[SA-MP | Remastered ] - By S4Lsalsoft | version 1.0.0.0 beta
Developer: Aincrad | Destroyer
Beta Tester: Baironn
Discord>>> Destroyer#3527 | baironnn#0600
E-mail: S4Lsalsoft@gmail.com


[ 25/11/2019 ]  [ 10:08:13 ]  Error: SAWindow.dll : Error loading module, 'Dll EntryPoint' Load Error!

[ 25/11/2019 ]  [ 10:08:41 ]  Information: 

------------------------------------------------------------------------------------------------------------------------------
[SA-MP | Remastered ] - By S4Lsalsoft | version 1.0.0.0 beta
Developer: Aincrad | Destroyer
Beta Tester: Baironn
Discord>>> Destroyer#3527 | baironnn#0600
E-mail: S4Lsalsoft@gmail.com


[ 25/11/2019 ]  [ 10:08:41 ]  Error: SAWindow.dll : Error loading module, 'Dll EntryPoint' Load Error!

[ 25/11/2019 ]  [ 10:08:50 ]  Information: 

------------------------------------------------------------------------------------------------------------------------------
[SA-MP | Remastered ] - By S4Lsalsoft | version 1.0.0.0 beta
Developer: Aincrad | Destroyer
Beta Tester: Baironn
Discord>>> Destroyer#3527 | baironnn#0600
E-mail: S4Lsalsoft@gmail.com


[ 25/11/2019 ]  [ 10:08:50 ]  Information: SAWindow.dll : Loaded successfully.

[ 25/11/2019 ]  [ 11:48:26 ]  Information: 

------------------------------------------------------------------------------------------------------------------------------
[SA-MP | Remastered ] - By S4Lsalsoft | version 1.0.0.0 beta
Developer: Aincrad | Destroyer
Beta Tester: Baironn
Discord>>> Destroyer#3527 | baironnn#0600
E-mail: S4Lsalsoft@gmail.com


[ 25/11/2019 ]  [ 11:49:02 ]  Information: 

------------------------------------------------------------------------------------------------------------------------------
[SA-MP | Remastered ] - By S4Lsalsoft | version 1.0.0.0 beta
Developer: Aincrad | Destroyer
Beta Tester: Baironn
Discord>>> Destroyer#3527 | baironnn#0600
E-mail: S4Lsalsoft@gmail.com


[ 25/11/2019 ]  [ 12:46:47 ]  Critical: Error : Referencia a objeto no establecida como instancia de un objeto.

[ 25/11/2019 ]  [ 12:47:28 ]  Critical: Error : Referencia a objeto no establecida como instancia de un objeto.

[ 25/11/2019 ]  [ 12:47:50 ]  Critical: Error : Referencia a objeto no establecida como instancia de un objeto.

[ 25/11/2019 ]  [ 12:47:58 ]  Critical: Error : Referencia a objeto no establecida como instancia de un objeto.

[ 25/11/2019 ]  [ 12:47:58 ]  Information: 

------------------------------------------------------------------------------------------------------------------------------
[SA-MP | Remastered ] - By S4Lsalsoft | version 1.0.0.0 beta
Developer: Aincrad | Destroyer
Beta Tester: Baironn
Discord>>> Destroyer#3527 | baironnn#0600
E-mail: S4Lsalsoft@gmail.com


[ 25/11/2019 ]  [ 12:48:58 ]  Critical: Error : Referencia a objeto no establecida como instancia de un objeto.

[ 25/11/2019 ]  [ 12:48:58 ]  Information: 

------------------------------------------------------------------------------------------------------------------------------
[SA-MP | Remastered ] - By S4Lsalsoft | version 1.0.0.0 beta
Developer: Aincrad | Destroyer
Beta Tester: Baironn
Discord>>> Destroyer#3527 | baironnn#0600
E-mail: S4Lsalsoft@gmail.com


[ 25/11/2019 ]  [ 12:50:28 ]  Information: 

------------------------------------------------------------------------------------------------------------------------------
[SA-MP | Remastered ] - By S4Lsalsoft | version 1.0.0.0 beta
Developer: Aincrad | Destroyer
Beta Tester: Baironn
Discord>>> Destroyer#3527 | baironnn#0600
E-mail: S4Lsalsoft@gmail.com


[ 25/11/2019 ]  [ 12:50:48 ]  Information: It detected 'd3d9.dll', Possible Sobeit or ENB Series. Acquiring Administrator Privileges to Start!

[ 25/11/2019 ]  [ 12:50:52 ]  Information: 

------------------------------------------------------------------------------------------------------------------------------
[SA-MP | Remastered ] - By S4Lsalsoft | version 1.0.0.0 beta
Developer: Aincrad | Destroyer
Beta Tester: Baironn
Discord>>> Destroyer#3527 | baironnn#0600
E-mail: S4Lsalsoft@gmail.com


[ 25/11/2019 ]  [ 12:51:26 ]  Information: It detected 'd3d9.dll', Possible Sobeit or ENB Series. Acquiring Administrator Privileges to Start!

[ 25/11/2019 ]  [ 12:51:29 ]  Information: 

------------------------------------------------------------------------------------------------------------------------------
[SA-MP | Remastered ] - By S4Lsalsoft | version 1.0.0.0 beta
Developer: Aincrad | Destroyer
Beta Tester: Baironn
Discord>>> Destroyer#3527 | baironnn#0600
E-mail: S4Lsalsoft@gmail.com


[ 25/11/2019 ]  [ 12:52:47 ]  Information: 

------------------------------------------------------------------------------------------------------------------------------
[SA-MP | Remastered ] - By S4Lsalsoft | version 1.0.0.0 beta
Developer: Aincrad | Destroyer
Beta Tester: Baironn
Discord>>> Destroyer#3527 | baironnn#0600
E-mail: S4Lsalsoft@gmail.com


[ 25/11/2019 ]  [ 12:53:05 ]  Information: It detected 'd3d9.dll', Possible Sobeit or ENB Series. Acquiring Administrator Privileges to Start!

[ 25/11/2019 ]  [ 12:59:03 ]  Information: 

------------------------------------------------------------------------------------------------------------------------------
[SA-MP | Remastered ] - By S4Lsalsoft | version 1.0.0.0 beta
Developer: Aincrad | Destroyer
Beta Tester: Baironn
Discord>>> Destroyer#3527 | baironnn#0600
E-mail: S4Lsalsoft@gmail.com


[ 25/11/2019 ]  [ 12:59:16 ]  Information: It detected 'd3d9.dll', Possible Sobeit or ENB Series. Acquiring Administrator Privileges to Start!

[ 25/11/2019 ]  [ 13:00:24 ]  Information: It detected 'd3d9.dll', Possible Sobeit or ENB Series. Acquiring Administrator Privileges to Start!

[ 25/11/2019 ]  [ 13:06:11 ]  Information: 

------------------------------------------------------------------------------------------------------------------------------
[SA-MP | Remastered ] - By S4Lsalsoft | version 1.0.0.0 beta
Developer: Aincrad | Destroyer
Beta Tester: Baironn
Discord>>> Destroyer#3527 | baironnn#0600
E-mail: S4Lsalsoft@gmail.com


[ 25/11/2019 ]  [ 13:06:19 ]  Information: It detected 'd3d9.dll', Possible Sobeit or ENB Series. Acquiring Administrator Privileges to Start!

[ 25/11/2019 ]  [ 13:06:24 ]  Information: Loading Module for Windows 7.

[ 25/11/2019 ]  [ 13:06:30 ]  Information: 

------------------------------------------------------------------------------------------------------------------------------
[SA-MP | Remastered ] - By S4Lsalsoft | version 1.0.0.0 beta
Developer: Aincrad | Destroyer
Beta Tester: Baironn
Discord>>> Destroyer#3527 | baironnn#0600
E-mail: S4Lsalsoft@gmail.com


[ 25/11/2019 ]  [ 13:08:10 ]  Information: 

------------------------------------------------------------------------------------------------------------------------------
[SA-MP | Remastered ] - By S4Lsalsoft | version 1.0.0.0 beta
Developer: Aincrad | Destroyer
Beta Tester: Baironn
Discord>>> Destroyer#3527 | baironnn#0600
E-mail: S4Lsalsoft@gmail.com


[ 25/11/2019 ]  [ 13:08:23 ]  Information: It detected 'd3d9.dll', Possible Sobeit or ENB Series. Acquiring Administrator Privileges to Start!

[ 25/11/2019 ]  [ 13:08:26 ]  Information: Loading Module for Windows 7.

[ 25/11/2019 ]  [ 13:09:57 ]  Information: It detected 'd3d9.dll', Possible Sobeit or ENB Series. Acquiring Administrator Privileges to Start!

[ 25/11/2019 ]  [ 13:09:58 ]  Information: Loading Module for Windows 7.

[ 25/11/2019 ]  [ 13:17:54 ]  Information: 

------------------------------------------------------------------------------------------------------------------------------
[SA-MP | Remastered ] - By S4Lsalsoft | version 1.0.0.0 beta
Developer: Aincrad | Destroyer
Beta Tester: Baironn
Discord>>> Destroyer#3527 | baironnn#0600
E-mail: S4Lsalsoft@gmail.com


[ 25/11/2019 ]  [ 13:18:08 ]  Information: Installing pre-game hooks...

[ 25/11/2019 ]  [ 13:18:08 ]  Information: Working directory: S4Lsalsoft\DllPlugins

[ 25/11/2019 ]  [ 13:26:18 ]  Information: 

------------------------------------------------------------------------------------------------------------------------------
[SA-MP | Remastered ] - By S4Lsalsoft | version 1.0.0.0 beta
Developer: Aincrad | Destroyer
Beta Tester: Baironn
Discord>>> Destroyer#3527 | baironnn#0600
E-mail: S4Lsalsoft@gmail.com


[ 25/11/2019 ]  [ 13:27:00 ]  Information: It detected 'd3d9.dll', Possible Sobeit or ENB Series. Acquiring Administrator Privileges to Start!

[ 25/11/2019 ]  [ 13:27:00 ]  Information: Loading Module for Windows 7.

[ 25/11/2019 ]  [ 13:27:00 ]  Critical: Error : Referencia a objeto no establecida como instancia de un objeto.

[ 25/11/2019 ]  [ 13:55:37 ]  Information: It detected 'd3d9.dll', Possible Sobeit or ENB Series. Acquiring Administrator Privileges to Start!

[ 25/11/2019 ]  [ 13:55:39 ]  Information: Loading Module for Windows 7.

[ 25/11/2019 ]  [ 13:55:39 ]  Critical: Error : Referencia a objeto no establecida como instancia de un objeto.

[ 25/11/2019 ]  [ 13:58:21 ]  Information: It detected 'd3d9.dll', Possible Sobeit or ENB Series. Acquiring Administrator Privileges to Start!

[ 25/11/2019 ]  [ 13:58:23 ]  Information: Loading Module for Windows 7.

[ 25/11/2019 ]  [ 13:58:23 ]  Critical: Error : Referencia a objeto no establecida como instancia de un objeto.

[ 25/11/2019 ]  [ 14:03:16 ]  Information: It detected 'd3d9.dll', Possible Sobeit or ENB Series. Acquiring Administrator Privileges to Start!

[ 25/11/2019 ]  [ 14:03:19 ]  Information: Loading Module for Windows 7.

[ 25/11/2019 ]  [ 14:03:19 ]  Critical: Error : Referencia a objeto no establecida como instancia de un objeto.

[ 25/11/2019 ]  [ 14:39:04 ]  Information: It detected 'd3d9.dll', Possible Sobeit or ENB Series. Acquiring Administrator Privileges to Start!

[ 25/11/2019 ]  [ 14:39:06 ]  Information: Loading Module for Windows 7.

[ 25/11/2019 ]  [ 14:39:06 ]  Critical: Error : Referencia a objeto no establecida como instancia de un objeto.

[ 25/11/2019 ]  [ 15:47:00 ]  Information: 

------------------------------------------------------------------------------------------------------------------------------
[SA-MP | Remastered ] - By S4Lsalsoft | version 1.0.0.0 beta
Developer: Aincrad | Destroyer
Beta Tester: Baironn
Discord>>> Destroyer#3527 | baironnn#0600
E-mail: S4Lsalsoft@gmail.com


[ 25/11/2019 ]  [ 15:50:10 ]  Information: 

------------------------------------------------------------------------------------------------------------------------------
[SA-MP | Remastered ] - By S4Lsalsoft | version 1.0.0.0 beta
Developer: Aincrad | Destroyer
Beta Tester: Baironn
Discord>>> Destroyer#3527 | baironnn#0600
E-mail: S4Lsalsoft@gmail.com


[ 25/11/2019 ]  [ 15:50:27 ]  Information: 

------------------------------------------------------------------------------------------------------------------------------
[SA-MP | Remastered ] - By S4Lsalsoft | version 1.0.0.0 beta
Developer: Aincrad | Destroyer
Beta Tester: Baironn
Discord>>> Destroyer#3527 | baironnn#0600
E-mail: S4Lsalsoft@gmail.com


[ 25/11/2019 ]  [ 15:50:32 ]  Information: 

------------------------------------------------------------------------------------------------------------------------------
[SA-MP | Remastered ] - By S4Lsalsoft | version 1.0.0.0 beta
Developer: Aincrad | Destroyer
Beta Tester: Baironn
Discord>>> Destroyer#3527 | baironnn#0600
E-mail: S4Lsalsoft@gmail.com


[ 25/11/2019 ]  [ 15:52:18 ]  Information: 

------------------------------------------------------------------------------------------------------------------------------
[SA-MP | Remastered ] - By S4Lsalsoft | version 1.0.0.0 beta
Developer: Aincrad | Destroyer
Beta Tester: Baironn
Discord>>> Destroyer#3527 | baironnn#0600
E-mail: S4Lsalsoft@gmail.com


[ 25/11/2019 ]  [ 15:53:59 ]  Information: 

------------------------------------------------------------------------------------------------------------------------------
[SA-MP | Remastered ] - By S4Lsalsoft | version 1.0.0.0 beta
Developer: Aincrad | Destroyer
Beta Tester: Baironn
Discord>>> Destroyer#3527 | baironnn#0600
E-mail: S4Lsalsoft@gmail.com


[ 25/11/2019 ]  [ 15:55:28 ]  Information: 

------------------------------------------------------------------------------------------------------------------------------
[SA-MP | Remastered ] - By S4Lsalsoft | version 1.0.0.0 beta
Developer: Aincrad | Destroyer
Beta Tester: Baironn
Discord>>> Destroyer#3527 | baironnn#0600
E-mail: S4Lsalsoft@gmail.com


[ 25/11/2019 ]  [ 15:56:16 ]  Information: 

------------------------------------------------------------------------------------------------------------------------------
[SA-MP | Remastered ] - By S4Lsalsoft | version 1.0.0.0 beta
Developer: Aincrad | Destroyer
Beta Tester: Baironn
Discord>>> Destroyer#3527 | baironnn#0600
E-mail: S4Lsalsoft@gmail.com


[ 25/11/2019 ]  [ 15:57:22 ]  Information: 

------------------------------------------------------------------------------------------------------------------------------
[SA-MP | Remastered ] - By S4Lsalsoft | version 1.0.0.0 beta
Developer: Aincrad | Destroyer
Beta Tester: Baironn
Discord>>> Destroyer#3527 | baironnn#0600
E-mail: S4Lsalsoft@gmail.com


[ 25/11/2019 ]  [ 15:58:14 ]  Information: 

------------------------------------------------------------------------------------------------------------------------------
[SA-MP | Remastered ] - By S4Lsalsoft | version 1.0.0.0 beta
Developer: Aincrad | Destroyer
Beta Tester: Baironn
Discord>>> Destroyer#3527 | baironnn#0600
E-mail: S4Lsalsoft@gmail.com


[ 25/11/2019 ]  [ 15:59:03 ]  Information: 

------------------------------------------------------------------------------------------------------------------------------
[SA-MP | Remastered ] - By S4Lsalsoft | version 1.0.0.0 beta
Developer: Aincrad | Destroyer
Beta Tester: Baironn
Discord>>> Destroyer#3527 | baironnn#0600
E-mail: S4Lsalsoft@gmail.com


[ 25/11/2019 ]  [ 16:02:47 ]  Information: 

------------------------------------------------------------------------------------------------------------------------------
[SA-MP | Remastered ] - By S4Lsalsoft | version 1.0.0.0 beta
Developer: Aincrad | Destroyer
Beta Tester: Baironn
Discord>>> Destroyer#3527 | baironnn#0600
E-mail: S4Lsalsoft@gmail.com


[ 25/11/2019 ]  [ 16:43:58 ]  Information: 

------------------------------------------------------------------------------------------------------------------------------
[SA-MP | Remastered ] - By S4Lsalsoft | version 1.0.0.0 beta
Developer: Aincrad | Destroyer
Beta Tester: Baironn
Discord>>> Destroyer#3527 | baironnn#0600
E-mail: S4Lsalsoft@gmail.com


[ 25/11/2019 ]  [ 16:45:04 ]  Information: 

------------------------------------------------------------------------------------------------------------------------------
[SA-MP | Remastered ] - By S4Lsalsoft | version 1.0.0.0 beta
Developer: Aincrad | Destroyer
Beta Tester: Baironn
Discord>>> Destroyer#3527 | baironnn#0600
E-mail: S4Lsalsoft@gmail.com


[ 25/11/2019 ]  [ 16:45:36 ]  Information: 

------------------------------------------------------------------------------------------------------------------------------
[SA-MP | Remastered ] - By S4Lsalsoft | version 1.0.0.0 beta
Developer: Aincrad | Destroyer
Beta Tester: Baironn
Discord>>> Destroyer#3527 | baironnn#0600
E-mail: S4Lsalsoft@gmail.com


[ 25/11/2019 ]  [ 16:46:33 ]  Information: 

------------------------------------------------------------------------------------------------------------------------------
[SA-MP | Remastered ] - By S4Lsalsoft | version 1.0.0.0 beta
Developer: Aincrad | Destroyer
Beta Tester: Baironn
Discord>>> Destroyer#3527 | baironnn#0600
E-mail: S4Lsalsoft@gmail.com


[ 25/11/2019 ]  [ 16:49:37 ]  Information: 

------------------------------------------------------------------------------------------------------------------------------
[SA-MP | Remastered ] - By S4Lsalsoft | version 1.0.0.0 beta
Developer: Aincrad | Destroyer
Beta Tester: Baironn
Discord>>> Destroyer#3527 | baironnn#0600
E-mail: S4Lsalsoft@gmail.com


[ 25/11/2019 ]  [ 18:01:57 ]  Information: 

------------------------------------------------------------------------------------------------------------------------------
[SA-MP | Remastered ] - By S4Lsalsoft | version 1.0.0.0 beta
Developer: Aincrad | Destroyer
Beta Tester: Baironn
Discord>>> Destroyer#3527 | baironnn#0600
E-mail: S4Lsalsoft@gmail.com


[ 26/11/2019 ]  [ 21:16:00 ]  Information: 

------------------------------------------------------------------------------------------------------------------------------
[SA-MP | Remastered ] - By S4Lsalsoft | version 1.0.0.0 beta
Developer: Aincrad | Destroyer
Beta Tester: Baironn
Discord>>> Destroyer#3527 | baironnn#0600
E-mail: S4Lsalsoft@gmail.com


[ 29/11/2019 ]  [ 7:09:50 ]  Information: 

------------------------------------------------------------------------------------------------------------------------------
[SA-MP | Remastered ] - By S4Lsalsoft | version 1.0.0.0 beta
Developer: Aincrad | Destroyer
Beta Tester: Baironn
Discord>>> Destroyer#3527 | baironnn#0600
E-mail: S4Lsalsoft@gmail.com


[ 29/11/2019 ]  [ 7:11:44 ]  Information: 

------------------------------------------------------------------------------------------------------------------------------
[SA-MP | Remastered ] - By S4Lsalsoft | version 1.0.0.0 beta
Developer: Aincrad | Destroyer
Beta Tester: Baironn
Discord>>> Destroyer#3527 | baironnn#0600
E-mail: S4Lsalsoft@gmail.com


[ 04/12/2019 ]  [ 17:19:24 ]  Information: 

------------------------------------------------------------------------------------------------------------------------------
[SA-MP | Remastered ] - By S4Lsalsoft | version 1.0.0.0 beta
Developer: Aincrad | Destroyer
Beta Tester: Baironn
Discord>>> Destroyer#3527 | baironnn#0600
E-mail: S4Lsalsoft@gmail.com


[ 04/12/2019 ]  [ 17:19:37 ]  Information: It detected 'd3d9.dll', Possible Sobeit or ENB Series. Acquiring Administrator Privileges to Start!

[ 04/12/2019 ]  [ 17:19:39 ]  Information: Loading Module for Windows 7.

[ 04/12/2019 ]  [ 17:19:39 ]  Critical: Error : Referencia a objeto no establecida como instancia de un objeto.

[ 04/12/2019 ]  [ 18:58:23 ]  Information: 

------------------------------------------------------------------------------------------------------------------------------
[SA-MP | Remastered ] - By S4Lsalsoft | version 1.0.0.0 beta
Developer: Aincrad | Destroyer
Beta Tester: Baironn
Discord>>> Destroyer#3527 | baironnn#0600
E-mail: S4Lsalsoft@gmail.com


[ 04/12/2019 ]  [ 18:58:35 ]  Information: It detected 'd3d9.dll', Possible Sobeit or ENB Series. Acquiring Administrator Privileges to Start!

[ 04/12/2019 ]  [ 18:58:36 ]  Information: Loading Module for Windows 7.

[ 04/12/2019 ]  [ 18:58:36 ]  Critical: Error : Referencia a objeto no establecida como instancia de un objeto.

[ 04/12/2019 ]  [ 18:59:28 ]  Information: It detected 'd3d9.dll', Possible Sobeit or ENB Series. Acquiring Administrator Privileges to Start!

[ 04/12/2019 ]  [ 18:59:30 ]  Information: Loading Module for Windows 7.

[ 04/12/2019 ]  [ 18:59:30 ]  Critical: Error : Referencia a objeto no establecida como instancia de un objeto.

[ 04/12/2019 ]  [ 19:04:12 ]  Information: It detected 'd3d9.dll', Possible Sobeit or ENB Series. Acquiring Administrator Privileges to Start!

[ 04/12/2019 ]  [ 19:04:42 ]  Information: It detected 'd3d9.dll', Possible Sobeit or ENB Series. Acquiring Administrator Privileges to Start!

[ 04/12/2019 ]  [ 19:04:44 ]  Information: Loading Module for Windows 7.

[ 04/12/2019 ]  [ 19:04:44 ]  Critical: Error : Referencia a objeto no establecida como instancia de un objeto.

[ 04/12/2019 ]  [ 20:02:15 ]  Information: 

------------------------------------------------------------------------------------------------------------------------------
[SA-MP | Remastered ] - By S4Lsalsoft | version 1.0.0.0 beta
Developer: Aincrad | Destroyer
Beta Tester: Baironn
Discord>>> Destroyer#3527 | baironnn#0600
E-mail: S4Lsalsoft@gmail.com


[ 04/12/2019 ]  [ 20:04:38 ]  Information: 

------------------------------------------------------------------------------------------------------------------------------
[SA-MP | Remastered ] - By S4Lsalsoft | version 1.0.0.0 beta
Developer: Aincrad | Destroyer
Beta Tester: Baironn
Discord>>> Destroyer#3527 | baironnn#0600
E-mail: S4Lsalsoft@gmail.com


[ 04/12/2019 ]  [ 20:05:25 ]  Information: 

------------------------------------------------------------------------------------------------------------------------------
[SA-MP | Remastered ] - By S4Lsalsoft | version 1.0.0.0 beta
Developer: Aincrad | Destroyer
Beta Tester: Baironn
Discord>>> Destroyer#3527 | baironnn#0600
E-mail: S4Lsalsoft@gmail.com


[ 04/12/2019 ]  [ 20:06:21 ]  Information: 

------------------------------------------------------------------------------------------------------------------------------
[SA-MP | Remastered ] - By S4Lsalsoft | version 1.0.0.0 beta
Developer: Aincrad | Destroyer
Beta Tester: Baironn
Discord>>> Destroyer#3527 | baironnn#0600
E-mail: S4Lsalsoft@gmail.com


[ 04/12/2019 ]  [ 20:10:34 ]  Information: 

------------------------------------------------------------------------------------------------------------------------------
[SA-MP | Remastered ] - By S4Lsalsoft | version 1.0.0.0 beta
Developer: Aincrad | Destroyer
Beta Tester: Baironn
Discord>>> Destroyer#3527 | baironnn#0600
E-mail: S4Lsalsoft@gmail.com


[ 04/12/2019 ]  [ 20:11:55 ]  Information: 

------------------------------------------------------------------------------------------------------------------------------
[SA-MP | Remastered ] - By S4Lsalsoft | version 1.0.0.0 beta
Developer: Aincrad | Destroyer
Beta Tester: Baironn
Discord>>> Destroyer#3527 | baironnn#0600
E-mail: S4Lsalsoft@gmail.com


[ 05/12/2019 ]  [ 9:59:17 ]  Information: 

------------------------------------------------------------------------------------------------------------------------------
[SA-MP | Remastered ] - By S4Lsalsoft | version 1.0.0.0 beta
Developer: Aincrad | Destroyer
Beta Tester: Baironn
Discord>>> Destroyer#3527 | baironnn#0600
E-mail: S4Lsalsoft@gmail.com


[ 05/12/2019 ]  [ 12:03:03 ]  Information: 

------------------------------------------------------------------------------------------------------------------------------
[SA-MP | Remastered ] - By S4Lsalsoft | version 1.0.0.0 beta
Developer: Aincrad | Destroyer
Beta Tester: Baironn
Discord>>> Destroyer#3527 | baironnn#0600
E-mail: S4Lsalsoft@gmail.com


[ 09/01/2020 ]  [ 9:47:46 ]  Information: 

------------------------------------------------------------------------------------------------------------------------------
[SA-MP | Remastered ] - By S4Lsalsoft | version 1.0.0.0 beta
Developer: Aincrad | Destroyer
Beta Tester: Baironn
Discord>>> Destroyer#3527 | baironnn#0600
E-mail: S4Lsalsoft@gmail.com


[ 09/01/2020 ]  [ 9:56:53 ]  Information: 

------------------------------------------------------------------------------------------------------------------------------
[SA-MP | Remastered ] - By S4Lsalsoft | version 1.0.0.0 beta
Developer: Aincrad | Destroyer
Beta Tester: Baironn
Discord>>> Destroyer#3527 | baironnn#0600
E-mail: S4Lsalsoft@gmail.com


[ 09/01/2020 ]  [ 9:59:02 ]  Information: 

------------------------------------------------------------------------------------------------------------------------------
[SA-MP | Remastered ] - By S4Lsalsoft | version 1.0.0.0 beta
Developer: Aincrad | Destroyer
Beta Tester: Baironn
Discord>>> Destroyer#3527 | baironnn#0600
E-mail: S4Lsalsoft@gmail.com


[ 20/02/2020 ]  [ 18:31:34 ]  Information: 

------------------------------------------------------------------------------------------------------------------------------
[SA-MP | Remastered ] - By S4Lsalsoft | version 1.0.0.0 beta
Developer: Aincrad | Destroyer
Beta Tester: Baironn
Discord>>> Destroyer#3527 | baironnn#0600
E-mail: S4Lsalsoft@gmail.com


[ 04/04/2020 ]  [ 10:13:14 ]  Information: 

------------------------------------------------------------------------------------------------------------------------------
[SA-MP | Remastered ] - By S4Lsalsoft | version 1.0.0.0 beta
Developer: Aincrad | Destroyer
Beta Tester: Baironn
Discord>>> Destroyer#3527 | baironnn#0600
E-mail: S4Lsalsoft@gmail.com


[ 04/04/2020 ]  [ 10:15:05 ]  Information: Installing pre-game hooks...

[ 04/04/2020 ]  [ 10:15:05 ]  Information: Working directory: S4Lsalsoft\DllPlugins

[ 04/04/2020 ]  [ 10:15:29 ]  Information: Installing pre-game hooks...

[ 04/04/2020 ]  [ 10:15:29 ]  Information: Working directory: S4Lsalsoft\DllPlugins

[ 04/04/2020 ]  [ 10:16:25 ]  Information: Installing pre-game hooks...

[ 04/04/2020 ]  [ 10:16:25 ]  Information: Working directory: S4Lsalsoft\DllPlugins

[ 04/04/2020 ]  [ 11:11:55 ]  Information: Installing pre-game hooks...

[ 04/04/2020 ]  [ 11:11:55 ]  Information: Working directory: S4Lsalsoft\DllPlugins

[ 04/04/2020 ]  [ 11:59:37 ]  Information: 

------------------------------------------------------------------------------------------------------------------------------
[SA-MP | Remastered ] - By S4Lsalsoft | version 1.0.0.0 beta
Developer: Aincrad | Destroyer
Beta Tester: Baironn
Discord>>> Destroyer#3527 | baironnn#0600
E-mail: S4Lsalsoft@gmail.com


[ 04/04/2020 ]  [ 12:01:07 ]  Information: It detected 'd3d9.dll', Possible Sobeit or ENB Series. Acquiring Administrator Privileges to Start!

[ 01/01/2007 ]  [ 0:06:50 ]  Information: 

------------------------------------------------------------------------------------------------------------------------------
[SA-MP | Remastered ] - By S4Lsalsoft | version 1.0.0.0 beta
Developer: Aincrad | Destroyer
Beta Tester: Baironn
Discord>>> Destroyer#3527 | baironnn#0600
E-mail: S4Lsalsoft@gmail.com


[ 01/01/2007 ]  [ 0:07:33 ]  Information: It detected 'd3d9.dll', Possible Sobeit or ENB Series. Acquiring Administrator Privileges to Start!

[ 01/01/2007 ]  [ 0:07:34 ]  Information: Loading Module for Windows 7.

[ 01/01/2007 ]  [ 0:07:34 ]  Critical: Error : Referencia a objeto no establecida como instancia de un objeto.

[ 01/01/2007 ]  [ 0:07:47 ]  Information: It detected 'd3d9.dll', Possible Sobeit or ENB Series. Acquiring Administrator Privileges to Start!

[ 01/01/2007 ]  [ 0:07:48 ]  Information: Loading Module for Windows 7.

[ 01/01/2007 ]  [ 0:07:48 ]  Critical: Error : Referencia a objeto no establecida como instancia de un objeto.

[ 01/01/2007 ]  [ 0:09:03 ]  Information: It detected 'd3d9.dll', Possible Sobeit or ENB Series. Acquiring Administrator Privileges to Start!

[ 01/01/2007 ]  [ 0:09:05 ]  Information: Loading Module for Windows 7.

[ 01/01/2007 ]  [ 0:09:05 ]  Critical: Error : Referencia a objeto no establecida como instancia de un objeto.

[ 01/01/2007 ]  [ 0:18:05 ]  Information: It detected 'd3d9.dll', Possible Sobeit or ENB Series. Acquiring Administrator Privileges to Start!

[ 01/01/2007 ]  [ 0:18:08 ]  Information: Loading Module for Windows 7.

[ 01/01/2007 ]  [ 0:18:08 ]  Critical: Error : Referencia a objeto no establecida como instancia de un objeto.

[ 13/04/2020 ]  [ 19:02:25 ]  Information: 

------------------------------------------------------------------------------------------------------------------------------
[SA-MP | Remastered ] - By S4Lsalsoft | version 1.0.0.0 beta
Developer: Aincrad | Destroyer
Beta Tester: Baironn
Discord>>> Destroyer#3527 | baironnn#0600
E-mail: S4Lsalsoft@gmail.com

